<?xml version="1.0" encoding="UTF-8"?>
<!-- Generated by org.testng.reporters.JUnitXMLReporter -->
<testsuite hostname="dell" ignored="0" name="Default test" tests="4" failures="0" timestamp="25 二月 2018 08:26:33 GMT" time="60.618" errors="0">
  <testcase name="testLogin_success" time="6.631" classname="com.yyf.ecshop.tests.LoginTest1"/>
  <testcase name="testLogin_success" time="8.285" classname="com.yyf.ecshop.tests.LoginTest1"/>
  <testcase name="testLogin_success" time="4.009" classname="com.yyf.ecshop.tests.LoginTest1"/>
  <testcase name="testLogin_success" time="4.435" classname="com.yyf.ecshop.tests.LoginTest1"/>
</testsuite> <!-- Default test -->
