<?xml version="1.0" encoding="UTF-8"?>
<!-- Generated by org.testng.reporters.JUnitXMLReporter -->
<testsuite hostname="dell" ignored="0" name="testdemo1" tests="2" failures="1" timestamp="27 一月 2018 08:03:08 GMT" time="50.415" errors="0">
  <testcase name="testShopping_success" time="19.016" classname="com.yyf.ecshop.tests.ShoppingTest1">
    <skipped/>
  </testcase> <!-- testShopping_success -->
  <testcase name="testShopping_success" time="18.446" classname="com.yyf.ecshop.tests.ShoppingTest1">
    <failure type="java.lang.NullPointerException">
      <![CDATA[java.lang.NullPointerExceptionat org.openqa.selenium.support.pagefactory.internal.LocatingElementHandler.invoke(LocatingElementHandler.java:51)at com.sun.proxy.$Proxy26.click(Unknown Source)at com.yyf.ecshop.tests.ShoppingTest1.testShopping_success(ShoppingTest1.java:40)... Removed 29 stack frames]]>
    </failure>
  </testcase> <!-- testShopping_success -->
</testsuite> <!-- testdemo1 -->
