<?xml version="1.0" encoding="UTF-8"?>
<testng-results skipped="0" failed="0" ignored="0" total="4" passed="4">
  <reporter-output>
  </reporter-output>
  <suite name="Default suite" duration-ms="60618" started-at="2018-02-25T08:25:32Z" finished-at="2018-02-25T08:26:33Z">
    <groups>
    </groups>
    <test name="Default test" duration-ms="60618" started-at="2018-02-25T08:25:32Z" finished-at="2018-02-25T08:26:33Z">
      <class name="com.yyf.ecshop.tests.LoginTest1">
        <test-method status="PASS" signature="initDriver()[pri:0, instance:com.yyf.ecshop.tests.LoginTest1@4dfa3a9d]" name="initDriver" is-config="true" duration-ms="18555" started-at="2018-02-25T16:25:35Z" finished-at="2018-02-25T16:25:53Z">
          <reporter-output>
          </reporter-output>
        </test-method> <!-- initDriver -->
        <test-method status="PASS" signature="testLogin_success(java.lang.String, java.lang.String, java.lang.String)[pri:0, instance:com.yyf.ecshop.tests.LoginTest1@4dfa3a9d]" name="testLogin_success" duration-ms="6631" started-at="2018-02-25T16:25:53Z" data-provider="logindata" finished-at="2018-02-25T16:26:00Z">
          <params>
            <param index="0">
              <value>
                <![CDATA[qqq001]]>
              </value>
            </param>
            <param index="1">
              <value>
                <![CDATA[111111]]>
              </value>
            </param>
            <param index="2">
              <value>
                <![CDATA[登录成功]]>
              </value>
            </param>
          </params>
          <reporter-output>
          </reporter-output>
        </test-method> <!-- testLogin_success -->
        <test-method status="PASS" signature="quitDriver()[pri:0, instance:com.yyf.ecshop.tests.LoginTest1@4dfa3a9d]" name="quitDriver" is-config="true" duration-ms="140" started-at="2018-02-25T16:26:00Z" finished-at="2018-02-25T16:26:00Z">
          <reporter-output>
          </reporter-output>
        </test-method> <!-- quitDriver -->
        <test-method status="PASS" signature="initDriver()[pri:0, instance:com.yyf.ecshop.tests.LoginTest1@4dfa3a9d]" name="initDriver" is-config="true" duration-ms="5662" started-at="2018-02-25T16:26:00Z" finished-at="2018-02-25T16:26:06Z">
          <reporter-output>
          </reporter-output>
        </test-method> <!-- initDriver -->
        <test-method status="PASS" signature="testLogin_success(java.lang.String, java.lang.String, java.lang.String)[pri:0, instance:com.yyf.ecshop.tests.LoginTest1@4dfa3a9d]" name="testLogin_success" duration-ms="8285" started-at="2018-02-25T16:26:06Z" data-provider="logindata" finished-at="2018-02-25T16:26:14Z">
          <params>
            <param index="0">
              <value>
                <![CDATA[yy001]]>
              </value>
            </param>
            <param index="1">
              <value>
                <![CDATA[222]]>
              </value>
            </param>
            <param index="2">
              <value>
                <![CDATA[用户名或密码错误]]>
              </value>
            </param>
          </params>
          <reporter-output>
          </reporter-output>
        </test-method> <!-- testLogin_success -->
        <test-method status="PASS" signature="quitDriver()[pri:0, instance:com.yyf.ecshop.tests.LoginTest1@4dfa3a9d]" name="quitDriver" is-config="true" duration-ms="563" started-at="2018-02-25T16:26:14Z" finished-at="2018-02-25T16:26:14Z">
          <reporter-output>
          </reporter-output>
        </test-method> <!-- quitDriver -->
        <test-method status="PASS" signature="initDriver()[pri:0, instance:com.yyf.ecshop.tests.LoginTest1@4dfa3a9d]" name="initDriver" is-config="true" duration-ms="4973" started-at="2018-02-25T16:26:14Z" finished-at="2018-02-25T16:26:19Z">
          <reporter-output>
          </reporter-output>
        </test-method> <!-- initDriver -->
        <test-method status="PASS" signature="testLogin_success(java.lang.String, java.lang.String, java.lang.String)[pri:0, instance:com.yyf.ecshop.tests.LoginTest1@4dfa3a9d]" name="testLogin_success" duration-ms="4009" started-at="2018-02-25T16:26:19Z" data-provider="logindata" finished-at="2018-02-25T16:26:23Z">
          <params>
            <param index="0">
              <value>
                <![CDATA[]]>
              </value>
            </param>
            <param index="1">
              <value>
                <![CDATA[111333]]>
              </value>
            </param>
            <param index="2">
              <value>
                <![CDATA[用户名不能为空]]>
              </value>
            </param>
          </params>
          <reporter-output>
          </reporter-output>
        </test-method> <!-- testLogin_success -->
        <test-method status="PASS" signature="quitDriver()[pri:0, instance:com.yyf.ecshop.tests.LoginTest1@4dfa3a9d]" name="quitDriver" is-config="true" duration-ms="87" started-at="2018-02-25T16:26:23Z" finished-at="2018-02-25T16:26:24Z">
          <reporter-output>
          </reporter-output>
        </test-method> <!-- quitDriver -->
        <test-method status="PASS" signature="initDriver()[pri:0, instance:com.yyf.ecshop.tests.LoginTest1@4dfa3a9d]" name="initDriver" is-config="true" duration-ms="4870" started-at="2018-02-25T16:26:24Z" finished-at="2018-02-25T16:26:28Z">
          <reporter-output>
          </reporter-output>
        </test-method> <!-- initDriver -->
        <test-method status="PASS" signature="testLogin_success(java.lang.String, java.lang.String, java.lang.String)[pri:0, instance:com.yyf.ecshop.tests.LoginTest1@4dfa3a9d]" name="testLogin_success" duration-ms="4435" started-at="2018-02-25T16:26:28Z" data-provider="logindata" finished-at="2018-02-25T16:26:33Z">
          <params>
            <param index="0">
              <value>
                <![CDATA[yy002]]>
              </value>
            </param>
            <param index="1">
              <value>
                <![CDATA[22245]]>
              </value>
            </param>
            <param index="2">
              <value>
                <![CDATA[用户名或密码错误]]>
              </value>
            </param>
          </params>
          <reporter-output>
          </reporter-output>
        </test-method> <!-- testLogin_success -->
        <test-method status="PASS" signature="quitDriver()[pri:0, instance:com.yyf.ecshop.tests.LoginTest1@4dfa3a9d]" name="quitDriver" is-config="true" duration-ms="78" started-at="2018-02-25T16:26:33Z" finished-at="2018-02-25T16:26:33Z">
          <reporter-output>
          </reporter-output>
        </test-method> <!-- quitDriver -->
        <test-method status="PASS" signature="closeService()[pri:0, instance:com.yyf.ecshop.tests.LoginTest1@4dfa3a9d]" name="closeService" is-config="true" duration-ms="766" started-at="2018-02-25T16:26:33Z" finished-at="2018-02-25T16:26:34Z">
          <reporter-output>
          </reporter-output>
        </test-method> <!-- closeService -->
      </class> <!-- com.yyf.ecshop.tests.LoginTest1 -->
    </test> <!-- Default test -->
  </suite> <!-- Default suite -->
</testng-results>
