<?xml version="1.0" encoding="UTF-8"?>
<testng-results skipped="1" failed="1" ignored="0" total="2" passed="0">
  <reporter-output>
  </reporter-output>
  <suite name="Default suite" duration-ms="52623" started-at="2018-01-27T09:24:10Z" finished-at="2018-01-27T09:25:03Z">
    <groups>
    </groups>
    <test name="Default test" duration-ms="52623" started-at="2018-01-27T09:24:10Z" finished-at="2018-01-27T09:25:03Z">
      <class name="com.yyf.ecshop.tests.ShoppingTest1">
        <test-method status="PASS" signature="initDriver()[pri:0, instance:com.yyf.ecshop.tests.ShoppingTest1@f6c48ac]" name="initDriver" is-config="true" duration-ms="9286" started-at="2018-01-27T17:24:10Z" finished-at="2018-01-27T17:24:20Z">
          <reporter-output>
          </reporter-output>
        </test-method> <!-- initDriver -->
        <test-method status="SKIP" signature="testShopping_success(java.lang.String, java.lang.String)[pri:0, instance:com.yyf.ecshop.tests.ShoppingTest1@f6c48ac]" name="testShopping_success" duration-ms="19636" started-at="2018-01-27T17:24:20Z" data-provider="shoppingdata" finished-at="2018-01-27T17:24:39Z">
          <params>
            <param index="0">
              <value>
                <![CDATA[qqq001]]>
              </value>
            </param>
            <param index="1">
              <value>
                <![CDATA[111111]]>
              </value>
            </param>
          </params>
          <exception class="java.lang.NullPointerException">
            <full-stacktrace>
              <![CDATA[java.lang.NullPointerExceptionat sun.reflect.NativeMethodAccessorImpl.invoke0(Native Method)at sun.reflect.NativeMethodAccessorImpl.invoke(Unknown Source)at sun.reflect.DelegatingMethodAccessorImpl.invoke(Unknown Source)at java.lang.reflect.Method.invoke(Unknown Source)at org.openqa.selenium.support.pagefactory.internal.LocatingElementHandler.invoke(LocatingElementHandler.java:51)at com.sun.proxy.$Proxy27.click(Unknown Source)at com.yyf.ecshop.tests.ShoppingTest1.testShopping_success(ShoppingTest1.java:42)at sun.reflect.NativeMethodAccessorImpl.invoke0(Native Method)at sun.reflect.NativeMethodAccessorImpl.invoke(Unknown Source)at sun.reflect.DelegatingMethodAccessorImpl.invoke(Unknown Source)at java.lang.reflect.Method.invoke(Unknown Source)at org.testng.internal.MethodInvocationHelper.invokeMethod(MethodInvocationHelper.java:124)at org.testng.internal.Invoker.invokeMethod(Invoker.java:571)at org.testng.internal.Invoker.invokeTestMethod(Invoker.java:707)at org.testng.internal.Invoker.invokeTestMethods(Invoker.java:979)at org.testng.internal.TestMethodWorker.invokeTestMethods(TestMethodWorker.java:125)at org.testng.internal.TestMethodWorker.run(TestMethodWorker.java:109)at org.testng.TestRunner.privateRun(TestRunner.java:648)at org.testng.TestRunner.run(TestRunner.java:505)at org.testng.SuiteRunner.runTest(SuiteRunner.java:455)at org.testng.SuiteRunner.runSequentially(SuiteRunner.java:450)at org.testng.SuiteRunner.privateRun(SuiteRunner.java:415)at org.testng.SuiteRunner.run(SuiteRunner.java:364)at org.testng.SuiteRunnerWorker.runSuite(SuiteRunnerWorker.java:52)at org.testng.SuiteRunnerWorker.run(SuiteRunnerWorker.java:84)at org.testng.TestNG.runSuitesSequentially(TestNG.java:1187)at org.testng.TestNG.runSuitesLocally(TestNG.java:1116)at org.testng.TestNG.runSuites(TestNG.java:1028)at org.testng.TestNG.run(TestNG.java:996)at org.testng.remote.AbstractRemoteTestNG.run(AbstractRemoteTestNG.java:114)at org.testng.remote.RemoteTestNG.initAndRun(RemoteTestNG.java:251)at org.testng.remote.RemoteTestNG.main(RemoteTestNG.java:77)]]>
            </full-stacktrace>
          </exception> <!-- java.lang.NullPointerException -->
          <reporter-output>
          </reporter-output>
        </test-method> <!-- testShopping_success -->
        <test-method status="PASS" signature="quitDriver()[pri:0, instance:com.yyf.ecshop.tests.ShoppingTest1@f6c48ac]" name="quitDriver" is-config="true" duration-ms="94" started-at="2018-01-27T17:24:39Z" finished-at="2018-01-27T17:24:39Z">
          <reporter-output>
          </reporter-output>
        </test-method> <!-- quitDriver -->
        <test-method status="PASS" signature="initDriver()[pri:0, instance:com.yyf.ecshop.tests.ShoppingTest1@f6c48ac]" name="initDriver" is-config="true" duration-ms="4753" started-at="2018-01-27T17:24:39Z" finished-at="2018-01-27T17:24:44Z">
          <reporter-output>
          </reporter-output>
        </test-method> <!-- initDriver -->
        <test-method status="FAIL" signature="testShopping_success(java.lang.String, java.lang.String)[pri:0, instance:com.yyf.ecshop.tests.ShoppingTest1@f6c48ac]" name="testShopping_success" duration-ms="18644" started-at="2018-01-27T17:24:44Z" data-provider="shoppingdata" finished-at="2018-01-27T17:25:03Z">
          <params>
            <param index="0">
              <value>
                <![CDATA[qqq001]]>
              </value>
            </param>
            <param index="1">
              <value>
                <![CDATA[111111]]>
              </value>
            </param>
          </params>
          <exception class="java.lang.NullPointerException">
            <full-stacktrace>
              <![CDATA[java.lang.NullPointerExceptionat sun.reflect.NativeMethodAccessorImpl.invoke0(Native Method)at sun.reflect.NativeMethodAccessorImpl.invoke(Unknown Source)at sun.reflect.DelegatingMethodAccessorImpl.invoke(Unknown Source)at java.lang.reflect.Method.invoke(Unknown Source)at org.openqa.selenium.support.pagefactory.internal.LocatingElementHandler.invoke(LocatingElementHandler.java:51)at com.sun.proxy.$Proxy27.click(Unknown Source)at com.yyf.ecshop.tests.ShoppingTest1.testShopping_success(ShoppingTest1.java:42)at sun.reflect.NativeMethodAccessorImpl.invoke0(Native Method)at sun.reflect.NativeMethodAccessorImpl.invoke(Unknown Source)at sun.reflect.DelegatingMethodAccessorImpl.invoke(Unknown Source)at java.lang.reflect.Method.invoke(Unknown Source)at org.testng.internal.MethodInvocationHelper.invokeMethod(MethodInvocationHelper.java:124)at org.testng.internal.Invoker.invokeMethod(Invoker.java:571)at org.testng.internal.Invoker.retryFailed(Invoker.java:829)at org.testng.internal.Invoker.invokeTestMethods(Invoker.java:1000)at org.testng.internal.TestMethodWorker.invokeTestMethods(TestMethodWorker.java:125)at org.testng.internal.TestMethodWorker.run(TestMethodWorker.java:109)at org.testng.TestRunner.privateRun(TestRunner.java:648)at org.testng.TestRunner.run(TestRunner.java:505)at org.testng.SuiteRunner.runTest(SuiteRunner.java:455)at org.testng.SuiteRunner.runSequentially(SuiteRunner.java:450)at org.testng.SuiteRunner.privateRun(SuiteRunner.java:415)at org.testng.SuiteRunner.run(SuiteRunner.java:364)at org.testng.SuiteRunnerWorker.runSuite(SuiteRunnerWorker.java:52)at org.testng.SuiteRunnerWorker.run(SuiteRunnerWorker.java:84)at org.testng.TestNG.runSuitesSequentially(TestNG.java:1187)at org.testng.TestNG.runSuitesLocally(TestNG.java:1116)at org.testng.TestNG.runSuites(TestNG.java:1028)at org.testng.TestNG.run(TestNG.java:996)at org.testng.remote.AbstractRemoteTestNG.run(AbstractRemoteTestNG.java:114)at org.testng.remote.RemoteTestNG.initAndRun(RemoteTestNG.java:251)at org.testng.remote.RemoteTestNG.main(RemoteTestNG.java:77)]]>
            </full-stacktrace>
          </exception> <!-- java.lang.NullPointerException -->
          <reporter-output>
          </reporter-output>
        </test-method> <!-- testShopping_success -->
        <test-method status="PASS" signature="quitDriver()[pri:0, instance:com.yyf.ecshop.tests.ShoppingTest1@f6c48ac]" name="quitDriver" is-config="true" duration-ms="81" started-at="2018-01-27T17:25:03Z" finished-at="2018-01-27T17:25:03Z">
          <reporter-output>
          </reporter-output>
        </test-method> <!-- quitDriver -->
        <test-method status="PASS" signature="closeService()[pri:0, instance:com.yyf.ecshop.tests.ShoppingTest1@f6c48ac]" name="closeService" is-config="true" duration-ms="741" started-at="2018-01-27T17:25:03Z" finished-at="2018-01-27T17:25:04Z">
          <reporter-output>
          </reporter-output>
        </test-method> <!-- closeService -->
      </class> <!-- com.yyf.ecshop.tests.ShoppingTest1 -->
    </test> <!-- Default test -->
  </suite> <!-- Default suite -->
</testng-results>
